build/app/intermediates/manifest_merge_blame_file/debug/manifest-merger-blame-debug-report.txt
1<?xml version="1.0" encoding="utf-8"?>
2<manifest xmlns:android="http://schemas.android.com/apk/res/android"
3    package="com.maison.galaxy.maison_galaxy"
4    android:versionCode="2"
5    android:versionName="1.1.0" >
6
7    <uses-sdk
8        android:minSdkVersion="19"
9        android:targetSdkVersion="31" />
10    <!--
11         Flutter needs it to communicate with the running application
12         to allow setting breakpoints, to provide hot reload, etc.
13    -->
14    <uses-permission android:name="android.permission.INTERNET" />
14-->src/main/AndroidManifest.xml:3:5-66
14-->src/main/AndroidManifest.xml:3:22-64
15    <uses-permission android:name="android.permission.ACCESS_NETWORK_STATE" />
15-->[:connectivity] AndroidManifest.xml:9:5-79
15-->[:connectivity] AndroidManifest.xml:9:22-76
16
17    <application
17-->src/main/AndroidManifest.xml:4:4-45:19
18        android:appComponentFactory="androidx.core.app.CoreComponentFactory"
18-->[androidx.core:core:1.6.0] AndroidManifest.xml:24:18-86
19        android:debuggable="true"
20        android:icon="@mipmap/ic_launcher"
20-->src/main/AndroidManifest.xml:6:9-43
21        android:label="maison_galaxy"
21-->src/main/AndroidManifest.xml:5:9-38
22        android:supportsRtl="true"
22-->src/main/AndroidManifest.xml:7:9-35
23        android:usesCleartextTraffic="true" >
23-->src/main/AndroidManifest.xml:8:9-44
24        <activity
24-->src/main/AndroidManifest.xml:10:9-39:20
25            android:name="com.maison.galaxy.maison_galaxy.MainActivity"
25-->src/main/AndroidManifest.xml:11:13-41
26            android:configChanges="orientation|keyboardHidden|keyboard|screenSize|smallestScreenSize|locale|layoutDirection|fontScale|screenLayout|density|uiMode"
26-->src/main/AndroidManifest.xml:14:13-163
27            android:exported="true"
27-->src/main/AndroidManifest.xml:16:13-36
28            android:hardwareAccelerated="true"
28-->src/main/AndroidManifest.xml:15:13-47
29            android:launchMode="singleTop"
29-->src/main/AndroidManifest.xml:12:13-43
30            android:theme="@style/LaunchTheme"
30-->src/main/AndroidManifest.xml:13:13-47
31            android:windowSoftInputMode="adjustResize" >
31-->src/main/AndroidManifest.xml:17:13-55
32
33            <!--
34                 Specifies an Android theme to apply to this Activity as soon as
35                 the Android process has started. This theme is visible to the user
36                 while the Flutter UI initializes. After that, this theme continues
37                 to determine the Window background behind the Flutter UI.
38            -->
39            <meta-data
39-->src/main/AndroidManifest.xml:22:13-25:17
40                android:name="io.flutter.embedding.android.NormalTheme"
40-->src/main/AndroidManifest.xml:23:15-70
41                android:resource="@style/NormalTheme" />
41-->src/main/AndroidManifest.xml:24:15-52
42            <!--
43                 Displays an Android View that continues showing the launch screen
44                 Drawable until Flutter paints its first frame, then this splash
45                 screen fades out. A splash screen is useful to avoid any visual
46                 gap between the end of Android's launch screen and the painting of
47                 Flutter's first frame.
48            -->
49            <meta-data
49-->src/main/AndroidManifest.xml:31:13-34:17
50                android:name="io.flutter.embedding.android.SplashScreenDrawable"
50-->src/main/AndroidManifest.xml:32:15-79
51                android:resource="@drawable/launch_background" />
51-->src/main/AndroidManifest.xml:33:15-61
52
53            <intent-filter>
53-->src/main/AndroidManifest.xml:35:13-38:29
54                <action android:name="android.intent.action.MAIN" />
54-->src/main/AndroidManifest.xml:36:17-68
54-->src/main/AndroidManifest.xml:36:25-66
55
56                <category android:name="android.intent.category.LAUNCHER" />
56-->src/main/AndroidManifest.xml:37:17-76
56-->src/main/AndroidManifest.xml:37:27-74
57            </intent-filter>
58        </activity>
59        <!--
60             Don't delete the meta-data below.
61             This is used by the Flutter tool to generate GeneratedPluginRegistrant.java
62        -->
63        <meta-data
63-->src/main/AndroidManifest.xml:42:9-44:33
64            android:name="flutterEmbedding"
64-->src/main/AndroidManifest.xml:43:13-44
65            android:value="2" />
65-->src/main/AndroidManifest.xml:44:13-30
66
67        <uses-library
67-->[androidx.window:window:1.0.0-beta04] AndroidManifest.xml:25:9-27:40
68            android:name="androidx.window.extensions"
68-->[androidx.window:window:1.0.0-beta04] AndroidManifest.xml:26:13-54
69            android:required="false" />
69-->[androidx.window:window:1.0.0-beta04] AndroidManifest.xml:27:13-37
70        <uses-library
70-->[androidx.window:window:1.0.0-beta04] AndroidManifest.xml:28:9-30:40
71            android:name="androidx.window.sidecar"
71-->[androidx.window:window:1.0.0-beta04] AndroidManifest.xml:29:13-51
72            android:required="false" />
72-->[androidx.window:window:1.0.0-beta04] AndroidManifest.xml:30:13-37
73    </application>
74
75</manifest>